<?xml version="1.0" encoding="UTF-8"?>
<testsuite xmlns:xsi="http://www.w3.org/2001/XMLSchema-instance" xsi:noNamespaceSchemaLocation="https://maven.apache.org/surefire/maven-surefire-plugin/xsd/surefire-test-report.xsd" name="HomePageTest.AccountsTest" time="21.666" tests="40" errors="0" skipped="38" failures="2">
  <properties>
[...]
</properties>
  <testcase name="recoverPasswordTest" classname="HomePageTest.AccountsTest" time="3.673">
    <failure type="java.lang.NullPointerException">java.lang.NullPointerException
	at HomePageTest.AccountsTest.recoverPasswordTest(AccountsTest.java:21)
</failure>
    <system-out><![CDATA[Extent Report Directory/Users/luiscabrera/Documents/Web-Automation2018/BankOfAmerica/target/surefire-reports/html
AccountsTest: recover Password Test
]]></system-out>
    <system-err><![CDATA[Oct 07, 2018 10:19:58 AM com.relevantcodes.extentreports.ExtentReports loadConfig
WARNING: Unable to perform report configuration. The file /Users/luiscabrera/Documents/Web-Automation2018/BankOfAmerica/report-config.xml was not found.
Starting ChromeDriver 2.42.591059 (a3d9684d10d61aa0c45f6723b327283be1ebaad8) on port 15120
Only local connections are allowed.
Oct 07, 2018 10:20:04 AM org.openqa.selenium.remote.ProtocolHandshake createSession
INFO: Detected dialect: OSS
[1538922017.543][SEVERE]: Unable to receive message from renderer
]]></system-err>
  </testcase>
  <testcase name="afterEachTestMethod" classname="HomePageTest.AccountsTest" time="4.267">
    <failure message="no such window: target window already closed&#10;from unknown error: web view not found&#10;  (Session info: chrome=69.0.3497.100)&#10;  (Driver info: chromedriver=2.42.591059 (a3d9684d10d61aa0c45f6723b327283be1ebaad8),platform=Mac OS X 10.13.6 x86_64) (WARNING: The server did not provide any stacktrace information)&#10;Command duration or timeout: 0 milliseconds&#10;Build info: version: &apos;3.14.0&apos;, revision: &apos;aacccce0&apos;, time: &apos;2018-08-02T20:19:58.91Z&apos;&#10;System info: host: &apos;Users-Mac-2.local&apos;, ip: &apos;10.11.11.182&apos;, os.name: &apos;Mac OS X&apos;, os.arch: &apos;x86_64&apos;, os.version: &apos;10.13.6&apos;, java.version: &apos;1.8.0_181&apos;&#10;Driver info: org.openqa.selenium.chrome.ChromeDriver&#10;Capabilities {acceptInsecureCerts: false, acceptSslCerts: false, applicationCacheEnabled: false, browserConnectionEnabled: false, browserName: chrome, chrome: {chromedriverVersion: 2.42.591059 (a3d9684d10d61a..., userDataDir: /var/folders/9q/yygwrmbn613...}, cssSelectorsEnabled: true, databaseEnabled: false, goog:chromeOptions: {debuggerAddress: localhost:50383}, handlesAlerts: true, hasTouchScreen: false, javascriptEnabled: true, locationContextEnabled: true, mobileEmulationEnabled: false, nativeEvents: true, networkConnectionEnabled: false, pageLoadStrategy: normal, platform: MAC, platformName: MAC, rotatable: false, setWindowRect: true, takesHeapSnapshot: true, takesScreenshot: true, unexpectedAlertBehaviour: , unhandledPromptBehavior: , version: 69.0.3497.100, webStorageEnabled: true}&#10;Session ID: 4b3e56730c71b4ec17ce2e1d1c235a18" type="org.openqa.selenium.NoSuchWindowException">org.openqa.selenium.NoSuchWindowException: 
no such window: target window already closed
from unknown error: web view not found
  (Session info: chrome=69.0.3497.100)
  (Driver info: chromedriver=2.42.591059 (a3d9684d10d61aa0c45f6723b327283be1ebaad8),platform=Mac OS X 10.13.6 x86_64) (WARNING: The server did not provide any stacktrace information)
Command duration or timeout: 0 milliseconds
Build info: version: '3.14.0', revision: 'aacccce0', time: '2018-08-02T20:19:58.91Z'
System info: host: 'Users-Mac-2.local', ip: '10.11.11.182', os.name: 'Mac OS X', os.arch: 'x86_64', os.version: '10.13.6', java.version: '1.8.0_181'
Driver info: org.openqa.selenium.chrome.ChromeDriver
Capabilities {acceptInsecureCerts: false, acceptSslCerts: false, applicationCacheEnabled: false, browserConnectionEnabled: false, browserName: chrome, chrome: {chromedriverVersion: 2.42.591059 (a3d9684d10d61a..., userDataDir: /var/folders/9q/yygwrmbn613...}, cssSelectorsEnabled: true, databaseEnabled: false, goog:chromeOptions: {debuggerAddress: localhost:50383}, handlesAlerts: true, hasTouchScreen: false, javascriptEnabled: true, locationContextEnabled: true, mobileEmulationEnabled: false, nativeEvents: true, networkConnectionEnabled: false, pageLoadStrategy: normal, platform: MAC, platformName: MAC, rotatable: false, setWindowRect: true, takesHeapSnapshot: true, takesScreenshot: true, unexpectedAlertBehaviour: , unhandledPromptBehavior: , version: 69.0.3497.100, webStorageEnabled: true}
Session ID: 4b3e56730c71b4ec17ce2e1d1c235a18
</failure>
  </testcase>
  <testcase name="afterEachTestMethod" classname="HomePageTest.AccountsTest" time="0">
    <skipped/>
  </testcase>
  <testcase name="afterEachTestMethod" classname="HomePageTest.AccountsTest" time="0">
    <skipped/>
  </testcase>
  <testcase name="afterEachTestMethod" classname="HomePageTest.AccountsTest" time="0">
    <skipped/>
  </testcase>
  <testcase name="afterEachTestMethod" classname="HomePageTest.AccountsTest" time="0">
    <skipped/>
  </testcase>
  <testcase name="afterEachTestMethod" classname="HomePageTest.AccountsTest" time="0">
    <skipped/>
  </testcase>
  <testcase name="afterEachTestMethod" classname="HomePageTest.AccountsTest" time="0">
    <skipped/>
  </testcase>
  <testcase name="cleanUp" classname="HomePageTest.AccountsTest" time="0">
    <skipped/>
  </testcase>
  <testcase name="cleanUp" classname="HomePageTest.AccountsTest" time="0">
    <skipped/>
  </testcase>
  <testcase name="cleanUp" classname="HomePageTest.AccountsTest" time="0">
    <skipped/>
  </testcase>
  <testcase name="cleanUp" classname="HomePageTest.AccountsTest" time="0">
    <skipped/>
  </testcase>
  <testcase name="cleanUp" classname="HomePageTest.AccountsTest" time="0">
    <skipped/>
  </testcase>
  <testcase name="cleanUp" classname="HomePageTest.AccountsTest" time="0">
    <skipped/>
  </testcase>
  <testcase name="cleanUp" classname="HomePageTest.AccountsTest" time="0">
    <skipped/>
  </testcase>
  <testcase name="setUp" classname="HomePageTest.AccountsTest" time="0">
    <skipped/>
  </testcase>
  <testcase name="setUp" classname="HomePageTest.AccountsTest" time="0">
    <skipped/>
  </testcase>
  <testcase name="setUp" classname="HomePageTest.AccountsTest" time="0">
    <skipped/>
  </testcase>
  <testcase name="setUp" classname="HomePageTest.AccountsTest" time="0">
    <skipped/>
  </testcase>
  <testcase name="setUp" classname="HomePageTest.AccountsTest" time="0">
    <skipped/>
  </testcase>
  <testcase name="setUp" classname="HomePageTest.AccountsTest" time="0">
    <skipped/>
  </testcase>
  <testcase name="startExtent" classname="HomePageTest.AccountsTest" time="0">
    <skipped/>
  </testcase>
  <testcase name="startExtent" classname="HomePageTest.AccountsTest" time="0">
    <skipped/>
  </testcase>
  <testcase name="startExtent" classname="HomePageTest.AccountsTest" time="0">
    <skipped/>
  </testcase>
  <testcase name="startExtent" classname="HomePageTest.AccountsTest" time="0">
    <skipped/>
  </testcase>
  <testcase name="startExtent" classname="HomePageTest.AccountsTest" time="0">
    <skipped/>
  </testcase>
  <testcase name="startExtent" classname="HomePageTest.AccountsTest" time="0">
    <skipped/>
  </testcase>
  <testcase name="init" classname="HomePageTest.AccountsTest" time="0">
    <skipped/>
  </testcase>
  <testcase name="init" classname="HomePageTest.AccountsTest" time="0">
    <skipped/>
  </testcase>
  <testcase name="init" classname="HomePageTest.AccountsTest" time="0">
    <skipped/>
  </testcase>
  <testcase name="init" classname="HomePageTest.AccountsTest" time="0">
    <skipped/>
  </testcase>
  <testcase name="init" classname="HomePageTest.AccountsTest" time="0">
    <skipped/>
  </testcase>
  <testcase name="init" classname="HomePageTest.AccountsTest" time="0">
    <skipped/>
  </testcase>
  <testcase name="enrollBankOfAmericaTest" classname="HomePageTest.AccountsTest" time="0">
    <skipped message="no such window: target window already closed&#10;from unknown error: web view not found&#10;  (Session info: chrome=69.0.3497.100)&#10;  (Driver info: chromedriver=2.42.591059 (a3d9684d10d61aa0c45f6723b327283be1ebaad8),platform=Mac OS X 10.13.6 x86_64) (WARNING: The server did not provide any stacktrace information)&#10;Command duration or timeout: 0 milliseconds&#10;Build info: version: &apos;3.14.0&apos;, revision: &apos;aacccce0&apos;, time: &apos;2018-08-02T20:19:58.91Z&apos;&#10;System info: host: &apos;Users-Mac-2.local&apos;, ip: &apos;10.11.11.182&apos;, os.name: &apos;Mac OS X&apos;, os.arch: &apos;x86_64&apos;, os.version: &apos;10.13.6&apos;, java.version: &apos;1.8.0_181&apos;&#10;Driver info: org.openqa.selenium.chrome.ChromeDriver&#10;Capabilities {acceptInsecureCerts: false, acceptSslCerts: false, applicationCacheEnabled: false, browserConnectionEnabled: false, browserName: chrome, chrome: {chromedriverVersion: 2.42.591059 (a3d9684d10d61a..., userDataDir: /var/folders/9q/yygwrmbn613...}, cssSelectorsEnabled: true, databaseEnabled: false, goog:chromeOptions: {debuggerAddress: localhost:50383}, handlesAlerts: true, hasTouchScreen: false, javascriptEnabled: true, locationContextEnabled: true, mobileEmulationEnabled: false, nativeEvents: true, networkConnectionEnabled: false, pageLoadStrategy: normal, platform: MAC, platformName: MAC, rotatable: false, setWindowRect: true, takesHeapSnapshot: true, takesScreenshot: true, unexpectedAlertBehaviour: , unhandledPromptBehavior: , version: 69.0.3497.100, webStorageEnabled: true}&#10;Session ID: 4b3e56730c71b4ec17ce2e1d1c235a18"/>
  </testcase>
  <testcase name="openAnAccount" classname="HomePageTest.AccountsTest" time="0">
    <skipped message="no such window: target window already closed&#10;from unknown error: web view not found&#10;  (Session info: chrome=69.0.3497.100)&#10;  (Driver info: chromedriver=2.42.591059 (a3d9684d10d61aa0c45f6723b327283be1ebaad8),platform=Mac OS X 10.13.6 x86_64) (WARNING: The server did not provide any stacktrace information)&#10;Command duration or timeout: 0 milliseconds&#10;Build info: version: &apos;3.14.0&apos;, revision: &apos;aacccce0&apos;, time: &apos;2018-08-02T20:19:58.91Z&apos;&#10;System info: host: &apos;Users-Mac-2.local&apos;, ip: &apos;10.11.11.182&apos;, os.name: &apos;Mac OS X&apos;, os.arch: &apos;x86_64&apos;, os.version: &apos;10.13.6&apos;, java.version: &apos;1.8.0_181&apos;&#10;Driver info: org.openqa.selenium.chrome.ChromeDriver&#10;Capabilities {acceptInsecureCerts: false, acceptSslCerts: false, applicationCacheEnabled: false, browserConnectionEnabled: false, browserName: chrome, chrome: {chromedriverVersion: 2.42.591059 (a3d9684d10d61a..., userDataDir: /var/folders/9q/yygwrmbn613...}, cssSelectorsEnabled: true, databaseEnabled: false, goog:chromeOptions: {debuggerAddress: localhost:50383}, handlesAlerts: true, hasTouchScreen: false, javascriptEnabled: true, locationContextEnabled: true, mobileEmulationEnabled: false, nativeEvents: true, networkConnectionEnabled: false, pageLoadStrategy: normal, platform: MAC, platformName: MAC, rotatable: false, setWindowRect: true, takesHeapSnapshot: true, takesScreenshot: true, unexpectedAlertBehaviour: , unhandledPromptBehavior: , version: 69.0.3497.100, webStorageEnabled: true}&#10;Session ID: 4b3e56730c71b4ec17ce2e1d1c235a18"/>
  </testcase>
  <testcase name="openCreditCard" classname="HomePageTest.AccountsTest" time="0">
    <skipped message="no such window: target window already closed&#10;from unknown error: web view not found&#10;  (Session info: chrome=69.0.3497.100)&#10;  (Driver info: chromedriver=2.42.591059 (a3d9684d10d61aa0c45f6723b327283be1ebaad8),platform=Mac OS X 10.13.6 x86_64) (WARNING: The server did not provide any stacktrace information)&#10;Command duration or timeout: 0 milliseconds&#10;Build info: version: &apos;3.14.0&apos;, revision: &apos;aacccce0&apos;, time: &apos;2018-08-02T20:19:58.91Z&apos;&#10;System info: host: &apos;Users-Mac-2.local&apos;, ip: &apos;10.11.11.182&apos;, os.name: &apos;Mac OS X&apos;, os.arch: &apos;x86_64&apos;, os.version: &apos;10.13.6&apos;, java.version: &apos;1.8.0_181&apos;&#10;Driver info: org.openqa.selenium.chrome.ChromeDriver&#10;Capabilities {acceptInsecureCerts: false, acceptSslCerts: false, applicationCacheEnabled: false, browserConnectionEnabled: false, browserName: chrome, chrome: {chromedriverVersion: 2.42.591059 (a3d9684d10d61a..., userDataDir: /var/folders/9q/yygwrmbn613...}, cssSelectorsEnabled: true, databaseEnabled: false, goog:chromeOptions: {debuggerAddress: localhost:50383}, handlesAlerts: true, hasTouchScreen: false, javascriptEnabled: true, locationContextEnabled: true, mobileEmulationEnabled: false, nativeEvents: true, networkConnectionEnabled: false, pageLoadStrategy: normal, platform: MAC, platformName: MAC, rotatable: false, setWindowRect: true, takesHeapSnapshot: true, takesScreenshot: true, unexpectedAlertBehaviour: , unhandledPromptBehavior: , version: 69.0.3497.100, webStorageEnabled: true}&#10;Session ID: 4b3e56730c71b4ec17ce2e1d1c235a18"/>
  </testcase>
  <testcase name="applyHomeLoan" classname="HomePageTest.AccountsTest" time="0">
    <skipped message="no such window: target window already closed&#10;from unknown error: web view not found&#10;  (Session info: chrome=69.0.3497.100)&#10;  (Driver info: chromedriver=2.42.591059 (a3d9684d10d61aa0c45f6723b327283be1ebaad8),platform=Mac OS X 10.13.6 x86_64) (WARNING: The server did not provide any stacktrace information)&#10;Command duration or timeout: 0 milliseconds&#10;Build info: version: &apos;3.14.0&apos;, revision: &apos;aacccce0&apos;, time: &apos;2018-08-02T20:19:58.91Z&apos;&#10;System info: host: &apos;Users-Mac-2.local&apos;, ip: &apos;10.11.11.182&apos;, os.name: &apos;Mac OS X&apos;, os.arch: &apos;x86_64&apos;, os.version: &apos;10.13.6&apos;, java.version: &apos;1.8.0_181&apos;&#10;Driver info: org.openqa.selenium.chrome.ChromeDriver&#10;Capabilities {acceptInsecureCerts: false, acceptSslCerts: false, applicationCacheEnabled: false, browserConnectionEnabled: false, browserName: chrome, chrome: {chromedriverVersion: 2.42.591059 (a3d9684d10d61a..., userDataDir: /var/folders/9q/yygwrmbn613...}, cssSelectorsEnabled: true, databaseEnabled: false, goog:chromeOptions: {debuggerAddress: localhost:50383}, handlesAlerts: true, hasTouchScreen: false, javascriptEnabled: true, locationContextEnabled: true, mobileEmulationEnabled: false, nativeEvents: true, networkConnectionEnabled: false, pageLoadStrategy: normal, platform: MAC, platformName: MAC, rotatable: false, setWindowRect: true, takesHeapSnapshot: true, takesScreenshot: true, unexpectedAlertBehaviour: , unhandledPromptBehavior: , version: 69.0.3497.100, webStorageEnabled: true}&#10;Session ID: 4b3e56730c71b4ec17ce2e1d1c235a18"/>
  </testcase>
  <testcase name="applyForCarLoan" classname="HomePageTest.AccountsTest" time="0">
    <skipped message="no such window: target window already closed&#10;from unknown error: web view not found&#10;  (Session info: chrome=69.0.3497.100)&#10;  (Driver info: chromedriver=2.42.591059 (a3d9684d10d61aa0c45f6723b327283be1ebaad8),platform=Mac OS X 10.13.6 x86_64) (WARNING: The server did not provide any stacktrace information)&#10;Command duration or timeout: 0 milliseconds&#10;Build info: version: &apos;3.14.0&apos;, revision: &apos;aacccce0&apos;, time: &apos;2018-08-02T20:19:58.91Z&apos;&#10;System info: host: &apos;Users-Mac-2.local&apos;, ip: &apos;10.11.11.182&apos;, os.name: &apos;Mac OS X&apos;, os.arch: &apos;x86_64&apos;, os.version: &apos;10.13.6&apos;, java.version: &apos;1.8.0_181&apos;&#10;Driver info: org.openqa.selenium.chrome.ChromeDriver&#10;Capabilities {acceptInsecureCerts: false, acceptSslCerts: false, applicationCacheEnabled: false, browserConnectionEnabled: false, browserName: chrome, chrome: {chromedriverVersion: 2.42.591059 (a3d9684d10d61a..., userDataDir: /var/folders/9q/yygwrmbn613...}, cssSelectorsEnabled: true, databaseEnabled: false, goog:chromeOptions: {debuggerAddress: localhost:50383}, handlesAlerts: true, hasTouchScreen: false, javascriptEnabled: true, locationContextEnabled: true, mobileEmulationEnabled: false, nativeEvents: true, networkConnectionEnabled: false, pageLoadStrategy: normal, platform: MAC, platformName: MAC, rotatable: false, setWindowRect: true, takesHeapSnapshot: true, takesScreenshot: true, unexpectedAlertBehaviour: , unhandledPromptBehavior: , version: 69.0.3497.100, webStorageEnabled: true}&#10;Session ID: 4b3e56730c71b4ec17ce2e1d1c235a18"/>
  </testcase>
  <testcase name="smallBussinessTest" classname="HomePageTest.AccountsTest" time="0">
    <skipped message="no such window: target window already closed&#10;from unknown error: web view not found&#10;  (Session info: chrome=69.0.3497.100)&#10;  (Driver info: chromedriver=2.42.591059 (a3d9684d10d61aa0c45f6723b327283be1ebaad8),platform=Mac OS X 10.13.6 x86_64) (WARNING: The server did not provide any stacktrace information)&#10;Command duration or timeout: 0 milliseconds&#10;Build info: version: &apos;3.14.0&apos;, revision: &apos;aacccce0&apos;, time: &apos;2018-08-02T20:19:58.91Z&apos;&#10;System info: host: &apos;Users-Mac-2.local&apos;, ip: &apos;10.11.11.182&apos;, os.name: &apos;Mac OS X&apos;, os.arch: &apos;x86_64&apos;, os.version: &apos;10.13.6&apos;, java.version: &apos;1.8.0_181&apos;&#10;Driver info: org.openqa.selenium.chrome.ChromeDriver&#10;Capabilities {acceptInsecureCerts: false, acceptSslCerts: false, applicationCacheEnabled: false, browserConnectionEnabled: false, browserName: chrome, chrome: {chromedriverVersion: 2.42.591059 (a3d9684d10d61a..., userDataDir: /var/folders/9q/yygwrmbn613...}, cssSelectorsEnabled: true, databaseEnabled: false, goog:chromeOptions: {debuggerAddress: localhost:50383}, handlesAlerts: true, hasTouchScreen: false, javascriptEnabled: true, locationContextEnabled: true, mobileEmulationEnabled: false, nativeEvents: true, networkConnectionEnabled: false, pageLoadStrategy: normal, platform: MAC, platformName: MAC, rotatable: false, setWindowRect: true, takesHeapSnapshot: true, takesScreenshot: true, unexpectedAlertBehaviour: , unhandledPromptBehavior: , version: 69.0.3497.100, webStorageEnabled: true}&#10;Session ID: 4b3e56730c71b4ec17ce2e1d1c235a18"/>
  </testcase>
  <testcase name="generateReport" classname="HomePageTest.AccountsTest" time="0">
    <skipped/>
  </testcase>
</testsuite>